slurmstepd: info: Setting TMPDIR to /scratch/7009184. Previous errors about TMPDIR can be discarded
Loading Helios CESGA environment ...
$module load python/3.8.1
binutils/2.31.1 loaded 
zlib/1.2.11 loaded 
ncurses/6.1 loaded 
libreadline/8.0 loaded 
tcl/8.6.8 loaded 
sqlite/3.30.1 loaded 
xz/5.2.4 loaded 
coreutils/8.30 loaded 
gmp/6.1.2 loaded 
libffi/3.2.1 loaded 
bzip2/1.0.6 loaded 
expat/2.2.6 loaded 
libpng/1.6.37 loaded 
freetype/2.9.1 loaded 
fontconfig/2.13.1 loaded 
libgpg-error/1.32 loaded 
libgcrypt/1.8.3 loaded 
libxslt/1.1.32 loaded 
x11/20180604 loaded 
tk/8.6.8 loaded 
bzip2/1.0.6 unloaded 
bzip2/1.0.8 loaded 
openssl/1.1.0i loaded 
python/3.8.1 loaded 

$module load git/2.24.0
curl/7.61.1 loaded 
libxml2/2.9.7 loaded 
gettext/0.19.8.1 loaded 
perl/5.28.1 loaded 
git/2.24.0 loaded 

$module load cmake/3.12.4
cmake/3.12.4 loaded 

$module load libtiff/4.1.0
nasm/2.13.03 loaded 
libjpeg-turbo/2.0.4 loaded 
libtiff/4.1.0 loaded 

$module load eigen/3.3.7
eigen/3.3.7 loaded 

$module load lz4/1.8.3
lz4/1.8.3 loaded 

$module load qhull/2019.1
qhull/2019.1 loaded 

$module load boost/1.74.0-python-3.8.1
setuptools/45.1.0-python-3.8.1 loaded 
cython/0.29.14-python-3.8.1 loaded 
numpy/1.18.1-python-3.8.1 loaded 
boost/1.74.0-python-3.8.1 loaded 

Helios CESGA environment has been successfully loaded!
LOGGING (0,0,0,0,0) to "/mnt/netapp2/Store_uscciaep/helios/log/LOG_COG_KDT4_SAH32_PS1_CS16_WF4_SC6_BC6.log"



LOGGING (0,0,0,0,1) to "/mnt/netapp2/Store_uscciaep/helios/log/LOG_COG_KDT4_SAH32_PS1_CS16_WF4_SC6_BC8.log"



LOGGING (0,0,0,0,2) to "/mnt/netapp2/Store_uscciaep/helios/log/LOG_COG_KDT4_SAH32_PS1_CS16_WF4_SC6_BC10.log"



LOGGING (0,0,0,1,0) to "/mnt/netapp2/Store_uscciaep/helios/log/LOG_COG_KDT4_SAH32_PS1_CS16_WF4_SC8_BC6.log"



LOGGING (0,0,0,1,1) to "/mnt/netapp2/Store_uscciaep/helios/log/LOG_COG_KDT4_SAH32_PS1_CS16_WF4_SC8_BC8.log"



LOGGING (0,0,0,1,2) to "/mnt/netapp2/Store_uscciaep/helios/log/LOG_COG_KDT4_SAH32_PS1_CS16_WF4_SC8_BC10.log"



LOGGING (0,0,0,2,0) to "/mnt/netapp2/Store_uscciaep/helios/log/LOG_COG_KDT4_SAH32_PS1_CS16_WF4_SC10_BC6.log"



LOGGING (0,0,0,2,1) to "/mnt/netapp2/Store_uscciaep/helios/log/LOG_COG_KDT4_SAH32_PS1_CS16_WF4_SC10_BC8.log"



LOGGING (0,0,0,2,2) to "/mnt/netapp2/Store_uscciaep/helios/log/LOG_COG_KDT4_SAH32_PS1_CS16_WF4_SC10_BC10.log"



LOGGING (0,0,1,0,0) to "/mnt/netapp2/Store_uscciaep/helios/log/LOG_COG_KDT4_SAH32_PS1_CS16_WF8_SC6_BC6.log"



LOGGING (0,0,1,0,1) to "/mnt/netapp2/Store_uscciaep/helios/log/LOG_COG_KDT4_SAH32_PS1_CS16_WF8_SC6_BC8.log"



LOGGING (0,0,1,0,2) to "/mnt/netapp2/Store_uscciaep/helios/log/LOG_COG_KDT4_SAH32_PS1_CS16_WF8_SC6_BC10.log"



LOGGING (0,0,1,1,0) to "/mnt/netapp2/Store_uscciaep/helios/log/LOG_COG_KDT4_SAH32_PS1_CS16_WF8_SC8_BC6.log"



LOGGING (0,0,1,1,1) to "/mnt/netapp2/Store_uscciaep/helios/log/LOG_COG_KDT4_SAH32_PS1_CS16_WF8_SC8_BC8.log"



LOGGING (0,0,1,1,2) to "/mnt/netapp2/Store_uscciaep/helios/log/LOG_COG_KDT4_SAH32_PS1_CS16_WF8_SC8_BC10.log"



LOGGING (0,0,1,2,0) to "/mnt/netapp2/Store_uscciaep/helios/log/LOG_COG_KDT4_SAH32_PS1_CS16_WF8_SC10_BC6.log"



LOGGING (0,0,1,2,1) to "/mnt/netapp2/Store_uscciaep/helios/log/LOG_COG_KDT4_SAH32_PS1_CS16_WF8_SC10_BC8.log"



LOGGING (0,0,1,2,2) to "/mnt/netapp2/Store_uscciaep/helios/log/LOG_COG_KDT4_SAH32_PS1_CS16_WF8_SC10_BC10.log"



LOGGING (0,0,2,0,0) to "/mnt/netapp2/Store_uscciaep/helios/log/LOG_COG_KDT4_SAH32_PS1_CS64_WF4_SC6_BC6.log"



LOGGING (0,0,2,0,1) to "/mnt/netapp2/Store_uscciaep/helios/log/LOG_COG_KDT4_SAH32_PS1_CS64_WF4_SC6_BC8.log"



LOGGING (0,0,2,0,2) to "/mnt/netapp2/Store_uscciaep/helios/log/LOG_COG_KDT4_SAH32_PS1_CS64_WF4_SC6_BC10.log"



LOGGING (0,0,2,1,0) to "/mnt/netapp2/Store_uscciaep/helios/log/LOG_COG_KDT4_SAH32_PS1_CS64_WF4_SC8_BC6.log"



LOGGING (0,0,2,1,1) to "/mnt/netapp2/Store_uscciaep/helios/log/LOG_COG_KDT4_SAH32_PS1_CS64_WF4_SC8_BC8.log"



LOGGING (0,0,2,1,2) to "/mnt/netapp2/Store_uscciaep/helios/log/LOG_COG_KDT4_SAH32_PS1_CS64_WF4_SC8_BC10.log"



LOGGING (0,0,2,2,0) to "/mnt/netapp2/Store_uscciaep/helios/log/LOG_COG_KDT4_SAH32_PS1_CS64_WF4_SC10_BC6.log"



LOGGING (0,0,2,2,1) to "/mnt/netapp2/Store_uscciaep/helios/log/LOG_COG_KDT4_SAH32_PS1_CS64_WF4_SC10_BC8.log"



LOGGING (0,0,2,2,2) to "/mnt/netapp2/Store_uscciaep/helios/log/LOG_COG_KDT4_SAH32_PS1_CS64_WF4_SC10_BC10.log"



LOGGING (0,0,3,0,0) to "/mnt/netapp2/Store_uscciaep/helios/log/LOG_COG_KDT4_SAH32_PS1_CS64_WF8_SC6_BC6.log"



LOGGING (0,0,3,0,1) to "/mnt/netapp2/Store_uscciaep/helios/log/LOG_COG_KDT4_SAH32_PS1_CS64_WF8_SC6_BC8.log"



LOGGING (0,0,3,0,2) to "/mnt/netapp2/Store_uscciaep/helios/log/LOG_COG_KDT4_SAH32_PS1_CS64_WF8_SC6_BC10.log"



LOGGING (0,0,3,1,0) to "/mnt/netapp2/Store_uscciaep/helios/log/LOG_COG_KDT4_SAH32_PS1_CS64_WF8_SC8_BC6.log"



LOGGING (0,0,3,1,1) to "/mnt/netapp2/Store_uscciaep/helios/log/LOG_COG_KDT4_SAH32_PS1_CS64_WF8_SC8_BC8.log"



LOGGING (0,0,3,1,2) to "/mnt/netapp2/Store_uscciaep/helios/log/LOG_COG_KDT4_SAH32_PS1_CS64_WF8_SC8_BC10.log"



LOGGING (0,0,3,2,0) to "/mnt/netapp2/Store_uscciaep/helios/log/LOG_COG_KDT4_SAH32_PS1_CS64_WF8_SC10_BC6.log"



LOGGING (0,0,3,2,1) to "/mnt/netapp2/Store_uscciaep/helios/log/LOG_COG_KDT4_SAH32_PS1_CS64_WF8_SC10_BC8.log"



LOGGING (0,0,3,2,2) to "/mnt/netapp2/Store_uscciaep/helios/log/LOG_COG_KDT4_SAH32_PS1_CS64_WF8_SC10_BC10.log"



